[  0%] Built target pedsim_msgs__cpp
[ 12%] Built target pedsim_msgs__rosidl_generator_c
[ 12%] Built target ament_cmake_python_copy_pedsim_msgs
[ 24%] Built target pedsim_msgs__rosidl_typesupport_cpp
[ 36%] Built target pedsim_msgs__rosidl_typesupport_c
[ 48%] Built target pedsim_msgs__rosidl_typesupport_fastrtps_cpp
[ 60%] Built target pedsim_msgs__rosidl_typesupport_introspection_cpp
[ 72%] Built target pedsim_msgs__rosidl_typesupport_introspection_c
[ 84%] Built target pedsim_msgs__rosidl_typesupport_fastrtps_c
[ 84%] Built target pedsim_msgs
[ 85%] Built target pedsim_msgs__py
[ 96%] Built target pedsim_msgs__rosidl_generator_py
[ 99%] Built target pedsim_msgs__rosidl_typesupport_c__pyext
[ 99%] Built target pedsim_msgs__rosidl_typesupport_fastrtps_c__pyext
[100%] Built target pedsim_msgs__rosidl_typesupport_introspection_c__pyext
running egg_info
writing pedsim_msgs.egg-info/PKG-INFO
writing dependency_links to pedsim_msgs.egg-info/dependency_links.txt
writing top-level names to pedsim_msgs.egg-info/top_level.txt
reading manifest file 'pedsim_msgs.egg-info/SOURCES.txt'
writing manifest file 'pedsim_msgs.egg-info/SOURCES.txt'
[100%] Built target ament_cmake_python_build_pedsim_msgs_egg
Traceback (most recent call last):
  File "/usr/lib/python3/dist-packages/colcon_parallel_executor/executor/parallel.py", line 75, in execute
    loop.run_until_complete(future)
  File "/usr/lib/python3.10/asyncio/base_events.py", line 636, in run_until_complete
    self.run_forever()
  File "/usr/lib/python3.10/asyncio/base_events.py", line 603, in run_forever
    self._run_once()
  File "/usr/lib/python3.10/asyncio/base_events.py", line 1871, in _run_once
    event_list = self._selector.select(timeout)
  File "/usr/lib/python3.10/selectors.py", line 469, in select
    fd_event_list = self._selector.poll(timeout, max_ev)
KeyboardInterrupt

During handling of the above exception, another exception occurred:

Traceback (most recent call last):
  File "/usr/lib/python3/dist-packages/colcon_core/executor/__init__.py", line 91, in __call__
    rc = await self.task(*args, **kwargs)
  File "/usr/lib/python3/dist-packages/colcon_core/task/__init__.py", line 93, in __call__
    return await task_method(*args, **kwargs)
  File "/usr/lib/python3/dist-packages/colcon_ros/task/ament_cmake/build.py", line 59, in build
    rc = await extension.build(
  File "/usr/lib/python3/dist-packages/colcon_cmake/task/cmake/build.py", line 110, in build
    if await has_target(args.build_base, 'install'):
  File "/usr/lib/python3/dist-packages/colcon_cmake/task/cmake/__init__.py", line 57, in has_target
    return target in await get_makefile_targets(path)
  File "/usr/lib/python3/dist-packages/colcon_cmake/task/cmake/__init__.py", line 77, in get_makefile_targets
    output = await check_output([
  File "/usr/lib/python3/dist-packages/colcon_core/subprocess.py", line 129, in check_output
    assert not rc, f'Expected {args} to pass: {stderr_data}'
AssertionError: Expected ['/usr/local/bin/cmake', '--build', '/home/anlh/pedsim_ros2/build/pedsim_msgs', '--target', 'help'] to pass: gmake: *** [Makefile:3612: help] Interrupt

